Determining if the pthread_create exist failed with the following output:
Change Dir: /home/edjack/turtles_ws/build/CMakeFiles/CMakeTmp

Run Build Command:"/usr/bin/make" "cmTC_d85cd/fast"
/usr/bin/make -f CMakeFiles/cmTC_d85cd.dir/build.make CMakeFiles/cmTC_d85cd.dir/build
make[1]: Entering directory '/home/edjack/turtles_ws/build/CMakeFiles/CMakeTmp'
Building C object CMakeFiles/cmTC_d85cd.dir/CheckSymbolExists.c.o
/usr/bin/cc    -o CMakeFiles/cmTC_d85cd.dir/CheckSymbolExists.c.o   -c /home/edjack/turtles_ws/build/CMakeFiles/CMakeTmp/CheckSymbolExists.c
Linking C executable cmTC_d85cd
/usr/bin/cmake -E cmake_link_script CMakeFiles/cmTC_d85cd.dir/link.txt --verbose=1
/usr/bin/cc      -rdynamic CMakeFiles/cmTC_d85cd.dir/CheckSymbolExists.c.o  -o cmTC_d85cd 
CMakeFiles/cmTC_d85cd.dir/CheckSymbolExists.c.o: In function `main':
CheckSymbolExists.c:(.text+0x1b): undefined reference to `pthread_create'
collect2: error: ld returned 1 exit status
CMakeFiles/cmTC_d85cd.dir/build.make:97: recipe for target 'cmTC_d85cd' failed
make[1]: *** [cmTC_d85cd] Error 1
make[1]: Leaving directory '/home/edjack/turtles_ws/build/CMakeFiles/CMakeTmp'
Makefile:126: recipe for target 'cmTC_d85cd/fast' failed
make: *** [cmTC_d85cd/fast] Error 2

File /home/edjack/turtles_ws/build/CMakeFiles/CMakeTmp/CheckSymbolExists.c:
/* */
#include <pthread.h>

int main(int argc, char** argv)
{
  (void)argv;
#ifndef pthread_create
  return ((int*)(&pthread_create))[argc];
#else
  (void)argc;
  return 0;
#endif
}

Determining if the function pthread_create exists in the pthreads failed with the following output:
Change Dir: /home/edjack/turtles_ws/build/CMakeFiles/CMakeTmp

Run Build Command:"/usr/bin/make" "cmTC_986aa/fast"
/usr/bin/make -f CMakeFiles/cmTC_986aa.dir/build.make CMakeFiles/cmTC_986aa.dir/build
make[1]: Entering directory '/home/edjack/turtles_ws/build/CMakeFiles/CMakeTmp'
Building C object CMakeFiles/cmTC_986aa.dir/CheckFunctionExists.c.o
/usr/bin/cc   -DCHECK_FUNCTION_EXISTS=pthread_create   -o CMakeFiles/cmTC_986aa.dir/CheckFunctionExists.c.o   -c /usr/share/cmake-3.10/Modules/CheckFunctionExists.c
Linking C executable cmTC_986aa
/usr/bin/cmake -E cmake_link_script CMakeFiles/cmTC_986aa.dir/link.txt --verbose=1
/usr/bin/cc  -DCHECK_FUNCTION_EXISTS=pthread_create    -rdynamic CMakeFiles/cmTC_986aa.dir/CheckFunctionExists.c.o  -o cmTC_986aa -lpthreads 
/usr/bin/ld: cannot find -lpthreads
collect2: error: ld returned 1 exit status
CMakeFiles/cmTC_986aa.dir/build.make:97: recipe for target 'cmTC_986aa' failed
make[1]: *** [cmTC_986aa] Error 1
make[1]: Leaving directory '/home/edjack/turtles_ws/build/CMakeFiles/CMakeTmp'
Makefile:126: recipe for target 'cmTC_986aa/fast' failed
make: *** [cmTC_986aa/fast] Error 2


